<?xml version="1.0" encoding="utf-8"?><testsuites name="pytest tests"><testsuite name="pytest" errors="0" failures="0" skipped="0" tests="19" time="69.868" timestamp="2026-02-06T12:17:05.593270+00:00" hostname="agent-env-50fc64d4-be02-4d66-bb19-bda090fe59a9"><testcase classname="backend.tests.test_esl_platform.TestHealthAndAuth" name="test_api_base_accessible" time="0.071" /><testcase classname="backend.tests.test_esl_platform.TestHealthAndAuth" name="test_teacher_login_success" time="0.280" /><testcase classname="backend.tests.test_esl_platform.TestHealthAndAuth" name="test_teacher_login_invalid_credentials" time="0.051" /><testcase classname="backend.tests.test_esl_platform.TestWorksheetOperations" name="test_get_worksheets_list" time="0.321" /><testcase classname="backend.tests.test_esl_platform.TestWorksheetOperations" name="test_analyze_pronouns_worksheet" time="13.061" /><testcase classname="backend.tests.test_esl_platform.TestWorksheetOperations" name="test_analyze_colors_worksheet" time="10.968" /><testcase classname="backend.tests.test_esl_platform.TestWorksheetOperations" name="test_analyze_animals_worksheet" time="12.258" /><testcase classname="backend.tests.test_esl_platform.TestReanalyzeFeature" name="test_reanalyze_worksheet" time="12.065" /><testcase classname="backend.tests.test_esl_platform.TestReanalyzeFeature" name="test_reanalyze_unauthorized" time="0.373" /><testcase classname="backend.tests.test_esl_platform.TestGameCreation" name="test_create_quiz_game" time="0.375" /><testcase classname="backend.tests.test_esl_platform.TestGameCreation" name="test_get_games_by_worksheet" time="0.357" /><testcase classname="backend.tests.test_esl_platform.TestGameCreation" name="test_get_game_by_share_code" time="0.398" /><testcase classname="backend.tests.test_esl_platform.TestGamesLandingPage" name="test_landing_page_public_access" time="0.343" /><testcase classname="backend.tests.test_esl_platform.TestGamesLandingPage" name="test_landing_page_invalid_worksheet" time="0.039" /><testcase classname="backend.tests.test_esl_platform.TestGamesLandingPage" name="test_landing_page_game_structure" time="0.350" /><testcase classname="backend.tests.test_esl_platform.TestPrintQRWorksheet" name="test_print_qr_pdf_generation" time="0.435" /><testcase classname="backend.tests.test_esl_platform.TestPrintQRWorksheet" name="test_print_qr_requires_auth" time="0.438" /><testcase classname="backend.tests.test_esl_platform.TestPrintQRWorksheet" name="test_print_qr_no_games" time="17.239" /><testcase classname="backend.tests.test_esl_platform.TestTeacherStats" name="test_get_teacher_stats" time="0.310" /></testsuite></testsuites>